<?xml version="1.0" encoding="UTF-8" standalone="yes"?>
<videos xmlns:xsi="http://www.w3.org/2001/XMLSchema-instance">
	<video>
		<ort>Berlin-West</ort>
		<beschreibung>Berlin ist in vier Sektoren aufgeteilt: Amerikaner, Briten, Franzosen und Russen regieren die Stadt.
			
		Es herrscht die Normalität des Kalten Krieges - in Ost und West.</beschreibung>
		<titel>Berlin vor dem Mauerbau</titel>
		<mp4>http://http-stream.rbb-online.de/rbb/projekte/mauerfall/projekte_19610813_1_WEB_L_16_9_960x544.mp4</mp4>
		<img>http://media.rbb-online.de/rbb/projekte/mauerfall/512x288/1.jpg</img>
		<dauer>35</dauer>
		<datum>01.01.1961</datum>
		<jahr>1961</jahr>
		<kategorien>Grenze, Alltag, Politik, West, Ost</kategorien>
		<bordercolor>ffff00</bordercolor>
	</video>
	<video>
		<ort>Brandenburger Tor</ort>
		<beschreibung>In West-Berlin herrscht 1961 politische Freiheit, bescheidener Wohlstand. 
			
			In Ost-Berlin: SED-Sozialismus im Schulterschluss mit den sowjetischen Besatzern. 
			
			Zwei Systeme, zwei Währungen - eine Stadt. 
			
		Wolfgang Herrmann pendelte täglich von Ost nach West</beschreibung>
		<titel>Pendler zwischen Ost und West</titel>
		<mp4>http://http-stream.rbb-online.de/rbb/projekte/mauerfall/projekte_19610813_2_WEB_L_16_9_960x544.mp4</mp4>
		<img>http://media.rbb-online.de/rbb/projekte/mauerfall/512x288/2.jpg</img>
		<dauer>62</dauer>
		<datum>01.01.1961</datum>
		<jahr>1961</jahr>
		<kategorien>Zeitzeugen, Alltag, Politik, West, Ost</kategorien><bordercolor></bordercolor>
	</video>
	<video>
		<ort>Berlin-Ost, Schloss Schönhausen (1961 Sitz des Staatsrats der DDR)</ort>
		<beschreibung>In West-Berlin wird das erste deutsch-amerikanische Volksfest gefeiert. Doch Gerüchte machen die Runde, wonach Ost-Berlin die Grenze schließen wolle. 
			
			Das Schicksal der Stadt wird in der westlichen Welt mit Bangen beobachtet. Zu Tausenden haben die Menschen die DDR schon verlassen und tun es weiterhin. Sogenannte Grenzgänger, also Menschen, die im Westen Berlins arbeiten und im Osten leben, werden immer schärfer kontrolliert.
			
			Zur gleichen Zeit stellt sich der Staatsratsvorsitzende der DDR, Walter Ulbricht, auf einer internationalen Pressekonferenz den Fragen von Journalisten aus aller Welt. Es geht um den Status von West-Berlin.  Annemarie Doherr von der "Frankfurter Rundschau" fragt Ulbricht, ob die Bildung einer freien Stadt bedeute, dass die Staatsgrenze am Brandenburger Tor errichtet werde. 
			
			Darauf erwidert Ulbricht: "Ich verstehe Ihre Frage so: Dass es Menschen in Westdeutschland gibt, die wünschen, dass wir die Bauarbeiter der Hauptstadt der DDR mobilisieren, um eine Mauer aufzurichten, ja? Eh, mir ist nicht bekannt, dass eine solche Absicht besteht, da sich die Bauarbeiter in der Hauptstadt hauptsächlich mit Wohnungsbau beschäftigen und ihre Arbeitskraft voll eingesetzt wird. Niemand hat die Absicht, eine Mauer zu errichten."
			
		Wenige Wochen später straft ihn die Realität in Berlin Lügen: Am 13. August 1961 wird damit begonnen, eine Mauer zu bauen und West und Ost für die folgenden 28 Jahre zu trennen.</beschreibung>
		<titel>"Niemand hat die Absicht, eine Mauer zu errichten"</titel>
		<mp4>http://http-stream.rbb-online.de/rbb/projekte/mauerfall/projekte_19610813_3_WEB_L_16_9_960x544.mp4</mp4>
		<img>http://media.rbb-online.de/rbb/projekte/mauerfall/512x288/3.jpg</img>
		<dauer>76</dauer>
		<datum>15.06.1961</datum>
		<jahr>1961</jahr>
		<kategorien>Politik, West, Ost</kategorien><bordercolor></bordercolor>
	</video>
	<video>
		<ort>Berlin-West, Notaufnahmelager Marienfelde</ort>
		<beschreibung>Hunderttausende Flüchtlinge verlassen die DDR. 2,97 Millionen Menschen haben die DDR bis 1960 schon verlassen. Das Notaufnahmelager Marienfelde ist häufig ihre erste Station in West-Berlin.
			
			Ursula Hagemann arbeitet als Krankenschwester dort und erzählt von ihren Erlebnissen im Jahr 1961 im Notaufnahmelager. Manch ein Flüchtling "von drüben" habe sich enttäuscht gezeigt angesichts der spartanischen Ausstattung und der beengten Verhältnisse.
			
		Nach dem Mauerbau versiegt der Flüchtlingsstrom. Erst Mitte der 1980er Jahre schwillt er wieder an...</beschreibung>
		<titel>Notaufnahmelager Marienfelde</titel>
		<mp4>http://http-stream.rbb-online.de/rbb/projekte/mauerfall/projekte_19610813_4_WEB_L_16_9_960x544.mp4</mp4>
		<img>http://media.rbb-online.de/rbb/projekte/mauerfall/512x288/4.jpg</img>
		<dauer>86</dauer>
		<datum>16.06.1961</datum>
		<jahr>1961</jahr>
		<kategorien>Grenze, Flucht, Zeitzeugen, West</kategorien><bordercolor></bordercolor>
	</video>
	<video>
		<ort>Berlin-West</ort>
		<beschreibung>Das Alltagsleben im geteilten Berlin:
			
		Zur Gleichberechtigung der Frauen sollen Haushaltstage und Bügelkurse für Männer beitragen.</beschreibung>
		<titel>Haushaltstag und bügelnde Männer</titel>
		<mp4>http://http-stream.rbb-online.de/rbb/projekte/mauerfall/projekte_19610813_5_WEB_L_16_9_960x544.mp4</mp4>
		<img>http://media.rbb-online.de/rbb/projekte/mauerfall/512x288/5.jpg</img>
		<dauer>50</dauer>
		<datum>17.06.1961</datum>
		<jahr>1961</jahr>
		<kategorien>Alltag, West, Ost</kategorien><bordercolor></bordercolor>
	</video>
	<video>
		<ort>Berlin, Brandenburger Tor</ort>
		<beschreibung>Am 13. August 1961 beginnt der Mauerbau. Die Teilung zwischen Ost und West schockiert die Berliner und die westliche Welt. Die Bevölkerung kann es nicht fassen: Stacheldraht und Barrikaden zerschneiden die Stadt und trennen Familien. 
			
			Die erschütterte Reaktion des Regierenden Bürgermeisters Willy Brandt: "Mitten durch Berlin wird die Sperrwand eines Konzentrationslagers gezogen", sagt er wörtlich.
			
			In der Woche vor dem Mauerbau war die Zahl der Flüchtlinge sprunghaft angestiegen. Im Juli 1961 wurden 30.415 Anträge auf Notaufnahme registriert. Allein zu Ostern hatten sich 4.000 Menschen im Notaufnahmelager Marienfelde gemeldet - der ersten Anlaufstation für diejenigen, die keine Verwandten im Westen hatten. Diesem Exodus ihrer Bürger wollte die DDR-Führung nicht länger zusehen.
			
			Die West-Alliierten reagieren zunächst nicht auf die Abriegelung. Ihre Rechte sind nicht angetastet.</beschreibung>
		<titel>Der Mauerbau beginnt</titel>
		<mp4>http://http-stream.rbb-online.de/rbb/projekte/mauerfall/projekte_19610813_6_WEB_L_16_9_960x544.mp4</mp4>
		<img>http://media.rbb-online.de/rbb/projekte/mauerfall/512x288/6.jpg</img>
		<dauer>108</dauer>
		<datum>13.08.1961</datum>
		<jahr>1961</jahr>
		<kategorien>Grenze, Flucht, Politik, West, Ost</kategorien><bordercolor></bordercolor>
	</video>
	<video>
		<ort>Berlin, Bernauer Straße</ort>
		<beschreibung>In der Bernauer Straße spielen sich in den Tagen nach dem Mauerbau dramatische Szenen ab. Die Häuser liegen im Osten, der Gehweg davor im Westen. 
			
			Menschen seilen sich aus den Fenstern ihrer Wohnungen ab, andere springen in die Tücher, die die Feuerwehr unten bereit hält. Die Anwohner werfen noch ihre Habseligkeiten aus den Fenstern, während die Grenzpolizei schon unten in die Häuser eindringt und versucht, die Flüchtigen aufzuhalten. Im Herbst 1961 werden die letzten Häuser in der Bernauer Straße zwangsgeräumt.
			
			Dennoch werden in den folgenden Jahren in der Bernauer Straße von Hauskellern aus immer wieder Fluchttunnel gegraben. 
			
			Weltbekannt wurde das Foto des flüchtenden Bereitschaftspolizisten Conrad Schumann, der am 15. August 1961 über Stacheldrahtrollen in den französischen Sektor springt und seine Waffe wegwirft.
			
		Die Gedenkstätte Berliner Mauer ist der zentrale Erinnerungsort an die deutsche Teilung, gelegen am historischen Ort in der Bernauer Straße: http://www.berliner-mauer-gedenkstaette.de</beschreibung>
		<titel>Flucht an der Bernauer Straße</titel>
		<mp4>http://http-stream.rbb-online.de/rbb/projekte/mauerfall/projekte_1961081373_WEB_L_16_9_960x544.mp4</mp4>
		<img>http://media.rbb-online.de/rbb/projekte/mauerfall/512x288/7.jpg</img>
		<dauer>157</dauer>
		<datum>14.08.1961</datum>
		<jahr>1961</jahr>
		<kategorien>Grenze, Flucht, Zeitzeugen, West, Ost</kategorien><bordercolor></bordercolor>
	</video>
	<video>
		<ort>Rathaus Schöneberg</ort>
		<beschreibung>West-Berlins Regierender Bürgermeister Willy Brandt spricht bei einer Protestkundgebung am Schöneberger Rathaus.  Bundeskanzler Konrad Adenauer hingegen kommt erst Tage später nach Berlin.</beschreibung>
		<titel>Reaktionen: Brandt und Adenauer zum Mauerbau</titel>
		<mp4>http://http-stream.rbb-online.de/rbb/projekte/mauerfall/projekte_19610813_8_WEB_L_16_9_960x544.mp4</mp4>
		<img>http://media.rbb-online.de/rbb/projekte/mauerfall/512x288/8.jpg</img>
		<dauer>54</dauer>
		<datum>16.08.1961</datum>
		<jahr>1961</jahr>
		<kategorien>Grenze, Politik, West</kategorien><bordercolor></bordercolor>
	</video>
	<video>
		<ort>Checkpoint Charlie</ort>
		<beschreibung>Die Welt hält den Atem an: Ende Oktober kommt es zur Konfrontation am US-Kontrollpunkt Checkpoint Charlie in der Berliner Friedrichstraße. Die DDR-Führung will die Bewegungsfreiheit der Alliierten einschränken. 
			
			Monatelang hatten der junge US-Präsident John F. Kennedy und der starke Mann der Sowjetunion, KPdSU-Generalsekretär Chruschtschow, verhandelt. Der wollte Berlin als "freie Stadt" aus der gemeinsamen Verantwortung der alliierten Siegermächte des Zweiten Weltkriegs herauslösen. Doch Kennedy widersetzt sich. 
			
			Zunächst kommt es zum Mauerbau. Die Lage eskaliert wenige Monate später, als die DDR am Checkpoint Charlie Grenzkontrollen für ausländische Diplomaten und Militärs durchsetzen will.
			
			Der US-Sonderbeauftragte Lucius D. Clay lässt daraufhin Panzer auffahren. Chruschtschow reagiert, indem er ebenfalls Panzer anrollen lässt. Diese Konfrontation der beiden Großmächte währt 16 Stunden.</beschreibung>
		<titel>Konfrontation am Checkpoint Charlie</titel>
		<mp4>http://http-stream.rbb-online.de/rbb/projekte/mauerfall/projekte_19610813_9_WEB_L_16_9_960x544.mp4</mp4>
		<img>http://media.rbb-online.de/rbb/projekte/mauerfall/512x288/9.jpg</img>
		<dauer>62</dauer>
		<datum>01.10.1961</datum>
		<jahr>1961</jahr>
		<kategorien>Grenze, Politik, West, Ost</kategorien><bordercolor></bordercolor>
	</video>
	<video>
		<ort>Berlin-Ost, Schlossplatz</ort>
		<beschreibung>Feierlichkeiten zum 1. Mai im Jahr nach dem Mauerbau:
			
			In Ost-Berlin wird der Tag der Arbeit, der damals auf einen Dienstag fiel, mit einer Militärparade begangen.
			
		Im Westen spricht Bundespräsident Heinrich Lübke vor dem Reichstagsgebäude.</beschreibung>
		<titel>01. Mai in Ost und West</titel>
		<mp4>http://http-stream.rbb-online.de/rbb/projekte/mauerfall/projekte_19610813_10_WEB_L_16_9_960x544.mp4</mp4>
		<img>http://media.rbb-online.de/rbb/projekte/mauerfall/512x288/10.jpg</img>
		<dauer>42</dauer>
		<datum>01.05.1962</datum>
		<jahr>1962</jahr>
		<kategorien>Politik, West, Ost</kategorien><bordercolor></bordercolor>
	</video>
	<video>
		<ort>Berlin,  Jerusalemer/Ecke Kochstraße</ort>
		<beschreibung>Zehn Monate nach dem Mauerbau zerschneidet der Todesstreifen die beiden Teile Berlins. West-Berlin ist abgeriegelt. Fenster sind zugemauert, Stacheldraht trennt die Menschen, spanische Reiter blockieren die Straßen. Familien können sich nicht mehr besuchen.
			
		Vom Westen aus gräbt sich der Fluchthelfer Rudolf Müller unter der Mauer durch. Doch beim Entdecken des Fluchttunnels wird der DDR-Grenzsoldat Reinhold Huhn erschossen. Eine Propaganda-Schlacht beginnt. Der Tote wird zum Märtyrer. Straßen und Schulen werden nach ihm benannt.</beschreibung>
		<titel>DDR-Grenzsoldat Huhn erschossen</titel>
		<mp4>http://http-stream.rbb-online.de/rbb/projekte/mauerfall/projekte_19610813_12_WEB_L_16_9_960x544.mp4</mp4>
		<img>http://media.rbb-online.de/rbb/projekte/mauerfall/512x288/11.jpg</img>
		<dauer>83</dauer>
		<datum>18.06.1962</datum>
		<jahr>1962</jahr>
		<kategorien>Grenze, Flucht, Zeitzeugen, West, Ost</kategorien><bordercolor></bordercolor>
	</video>
	<video>
		<ort>Flughafen Schönefeld</ort>
		<beschreibung>Im Juli 1962 eröffnet der Zentralflughafen Berlin-Schönefeld am Rand von Ost-Berlin. 
			
			Dreieinhalb Jahre hat der Bau des neuen Flughafens gedauert. Nun ist er der Stolz aller DDR-Piloten.
			
		Einer von ihnen ist Horst Materna.</beschreibung>
		<titel>Flughafen Schönefeld eröffnet</titel>
		<mp4>http://http-stream.rbb-online.de/rbb/projekte/mauerfall/projekte_19610813_12_WEB_L_16_9_960x544.mp4</mp4>
		<img>http://media.rbb-online.de/rbb/projekte/mauerfall/512x288/12.jpg</img>
		<dauer>102</dauer>
		<datum>01.07.1962</datum>
		<jahr>1962</jahr>
		<kategorien>Zeitzeugen, Alltag, Ost</kategorien><bordercolor></bordercolor>
	</video>
	<video>
		<ort>Berlin (West), Kurfürstendamm</ort>
		<beschreibung>Am 1. Jahrestag des Mauerbaus sind schon 20 Menschen bei Fluchtversuchen gestorben. Zum  Gedenken legen die West-Berliner am 13. August 1962 um 12 Uhr mittags drei Schweigeminuten ein. Danach protestieren sie mit einem Hupkonzert.
			
		Der Zeitzeuge Horst Materna berichtet, viele Berliner hätten damals die Mauer bereits hingenommen und als Teil ihres Alltags akzeptiert.</beschreibung>
		<titel>Erster Jahrestag des Mauerbaus</titel>
		<mp4>http://http-stream.rbb-online.de/rbb/projekte/mauerfall/projekte_19610813_13_WEB_L_16_9_960x544.mp4</mp4>
		<img>http://media.rbb-online.de/rbb/projekte/mauerfall/512x288/13.jpg</img>
		<dauer>55</dauer>
		<datum>13.08.1962</datum>
		<jahr>1962</jahr>
		<kategorien>Grenze, Zeitzeugen, Politik, West</kategorien><bordercolor></bordercolor>
	</video>
	<video>
		<ort>Berlin, Checkpoint Charlie</ort>
		<beschreibung>Beim Versuch zu  flüchten, wird der 18-jährige Peter Fechter in der Nähe des Checkpoint Charlie angeschossen. Weder US-Soldaten noch die West-Berliner Polizei oder DDR-Grenzsoldaten helfen dem Sterbenden. Er verblutet im Todesstreifen. 
			
			Zahlreiche Menschen auf beiden Seiten der Absperrungen schauen hilflos und tatenlos zu. Am gleichen Abend demonstrieren tausende West-Berliner gegen die Mauer. Willy Brandt, damals Berlins Regierender Bürgermeister, mahnt zur Besonnenheit.
			
			Bis zum Mauerfall 1989 werden mindestens 136 weitere Menschen an der Mauer sterben. 
			
		Die Zeitzeugin Margit Hosseini erzählt, wie sie den 17. August am Checkpoint Charlie miterlebt hat.</beschreibung>
		<titel>Peter Fechter stirbt beim Fluchtversuch</titel>
		<mp4>http://http-stream.rbb-online.de/rbb/projekte/mauerfall/projekte_19610813_14_WEB_L_16_9_960x544.mp4</mp4>
		<img>http://media.rbb-online.de/rbb/projekte/mauerfall/512x288/14.jpg</img>
		<dauer>133</dauer>
		<datum>17.08.1962</datum>
		<jahr>1962</jahr>
		<kategorien>Grenze, Fluch, Zeitzeugen, West, Ost</kategorien><bordercolor></bordercolor>
	</video>
	<video>
		<ort>Berlin-West</ort>
		<beschreibung>Der Alltag der Berliner in der geteilten Stadt. Selbstbedienungsläden locken im Westen die Kunden an. In Ost-Berlin dagegen sind die Regale in den Geschäften im Jahr 1962 häufig leer.</beschreibung>
		<titel>Versorgungslage in Ost und West</titel>
		<mp4>http://http-stream.rbb-online.de/rbb/projekte/mauerfall/projekte_19610813_15_WEB_L_16_9_960x544.mp4</mp4>
		<img>http://media.rbb-online.de/rbb/projekte/mauerfall/512x288/15.jpg</img>
		<dauer>62</dauer>
		<datum>18.08.1962</datum>
		<jahr>1962</jahr>
		<kategorien>Alltag, West, Ost</kategorien><bordercolor></bordercolor>
	</video>
	<video>
		<ort>Berlin-Rosenthal</ort>
		<beschreibung>Der rbb hat Berlinerinnen und Berliner zum 50. Jahrestag des Mauerbaus 2011 gefragt, was die Teilung der Stadt für ihr Leben bedeutete. Denn für alle stellte die Mauer einen tiefen Einschnitt in ihre bisherigen Gewohnheiten dar, egal, auf welcher Seite sie wohnten. Menschen waren über Nacht abgeschnitten von Freunden und Verwandten, vom Arbeitsplatz, von der Schule oder ihren bevorzugten Freizeiteinrichtungen. Die Teilung der Stadt zerriss Familien, zerstörte Lebensläufe, tötete Menschen. 
			
		Die Sektorengrenze zwischen Rosenthal und Wittenau: Annemarie Salzmann und ihr Freund ziehen sich Overalls an - feste Arbeitskleidung, um im offenen Gelände nicht aufzufallen. Mit Lederhandschuhen ausgerüstet, um den Stacheldraht unverletzt zu überwinden. Eine Flucht im März 1962 bei Nacht und Nebel, unter Lebensgefahr im Todesstreifen.</beschreibung>
		<titel>Flucht bei Nacht und Nebel</titel>
		<mp4>http://http-stream.rbb-online.de/rbb/projekte/mauerfall/projekte_19610813_213_WEB_L_16_9_960x544.mp4</mp4>
		<img>http://media.rbb-online.de/rbb/projekte/mauerfall/512x288/213.jpg</img>
		<dauer>283</dauer>
		<datum>01.03.1962</datum>
		<jahr>1962</jahr><kategorien>Grenze, Fluch, Zeitzeugen, West</kategorien><bordercolor></bordercolor>
	</video>
	<video>
		<ort>Teltowkanal, Berlin</ort>
		<beschreibung>Als West-Feuerwehrmann ist Werner Grützmann oft an der Grenze zwischen Ost und West im Einsatz. Meist halten er und seine Kameraden Sprungtücher für aus Fenstern springende Flüchtlinge auf. 1962 - kurz nach Weihnachten - erreicht ihn ein besonderer Hilferuf vom Teltowkanal.
			
			2011 hat der rbb Berlinerinnen und Berliner zum 50. Jahrestag des Mauerbaus gefragt, was die Teilung der Stadt für ihr Leben bedeutete. Denn für alle stellte die Mauer einen tiefen Einschnitt in ihre bisherigen Gewohnheiten dar, egal, auf welcher Seite sie wohnten. Menschen waren über Nacht abgeschnitten von Freunden und Verwandten, vom Arbeitsplatz, von der Schule oder ihren bevorzugten Freizeiteinrichtungen. Die Teilung der Stadt zerriss Familien, zerstörte Lebensläufe, tötete Menschen.</beschreibung>
		<titel>Artist flüchtet spektakulär</titel>
		<mp4>http://http-stream.rbb-online.de/rbb/projekte/mauerfall/projekte_19610813_245_WEB_L_16_9_960x544.mp4</mp4>
		<img>http://media.rbb-online.de/rbb/projekte/mauerfall/512x288/245.jpg</img>
		<dauer>240</dauer>
		<datum>27.12.1962</datum>
		<jahr>1962</jahr>
		<kategorien>Grenze, Fluch, Zeitzeugen, West</kategorien><bordercolor></bordercolor>
	</video>
</videos>
